{"/Users/andy/Documents/workshop/jwt/controllers.ts": {"path":"/Users/andy/Documents/workshop/jwt/controllers.ts","statementMap":{"0":{"start":{"line":2,"column":0},"end":{"line":2,"column":28}},"1":{"start":{"line":4,"column":0},"end":{"line":4,"column":29}},"2":{"start":{"line":5,"column":0},"end":{"line":5,"column":39}},"3":{"start":{"line":8,"column":28},"end":{"line":8,"column":30}},"4":{"start":{"line":17,"column":13},"end":{"line":17,"column":20}},"5":{"start":{"line":20,"column":0},"end":{"line":24,"column":3}},"6":{"start":{"line":25,"column":21},"end":{"line":25,"column":64}},"7":{"start":{"line":26,"column":19},"end":{"line":26,"column":39}},"8":{"start":{"line":28,"column":22},"end":{"line":34,"column":null}},"9":{"start":{"line":28,"column":33},"end":{"line":34,"column":null}},"10":{"start":{"line":29,"column":1},"end":{"line":32,"column":null}},"11":{"start":{"line":33,"column":1},"end":{"line":33,"column":null}},"12":{"start":{"line":28,"column":13},"end":{"line":28,"column":22}},"13":{"start":{"line":37,"column":24},"end":{"line":53,"column":null}},"14":{"start":{"line":37,"column":35},"end":{"line":53,"column":null}},"15":{"start":{"line":39,"column":13},"end":{"line":39,"column":45}},"16":{"start":{"line":40,"column":13},"end":{"line":44,"column":10}},"17":{"start":{"line":47,"column":14},"end":{"line":47,"column":46}},"18":{"start":{"line":48,"column":14},"end":{"line":52,"column":10}},"19":{"start":{"line":37,"column":13},"end":{"line":37,"column":24}},"20":{"start":{"line":55,"column":20},"end":{"line":75,"column":null}},"21":{"start":{"line":55,"column":80},"end":{"line":75,"column":null}},"22":{"start":{"line":56,"column":17},"end":{"line":56,"column":34}},"23":{"start":{"line":57,"column":1},"end":{"line":57,"column":null}},"24":{"start":{"line":58,"column":20},"end":{"line":58,"column":80}},"25":{"start":{"line":59,"column":13},"end":{"line":59,"column":45}},"26":{"start":{"line":61,"column":13},"end":{"line":65,"column":10}},"27":{"start":{"line":67,"column":13},"end":{"line":71,"column":23}},"28":{"start":{"line":73,"column":1},"end":{"line":73,"column":null}},"29":{"start":{"line":74,"column":1},"end":{"line":74,"column":null}},"30":{"start":{"line":55,"column":13},"end":{"line":55,"column":20}},"31":{"start":{"line":77,"column":25},"end":{"line":94,"column":null}},"32":{"start":{"line":77,"column":63},"end":{"line":94,"column":null}},"33":{"start":{"line":78,"column":32},"end":{"line":78,"column":44}},"34":{"start":{"line":79,"column":29},"end":{"line":79,"column":57}},"35":{"start":{"line":81,"column":1},"end":{"line":84,"column":null}},"36":{"start":{"line":82,"column":2},"end":{"line":82,"column":null}},"37":{"start":{"line":83,"column":2},"end":{"line":83,"column":null}},"38":{"start":{"line":86,"column":1},"end":{"line":90,"column":2}},"39":{"start":{"line":87,"column":12},"end":{"line":87,"column":73}},"40":{"start":{"line":88,"column":2},"end":{"line":88,"column":null}},"41":{"start":{"line":89,"column":2},"end":{"line":89,"column":null}},"42":{"start":{"line":92,"column":1},"end":{"line":92,"column":null}},"43":{"start":{"line":93,"column":1},"end":{"line":93,"column":null}},"44":{"start":{"line":77,"column":13},"end":{"line":77,"column":25}}},"fnMap":{"0":{"name":"(anonymous_14)","decl":{"start":{"line":28,"column":22},"end":{"line":28,"column":31}},"loc":{"start":{"line":28,"column":33},"end":{"line":34,"column":null}}},"1":{"name":"(anonymous_15)","decl":{"start":{"line":28,"column":33},"end":{"line":28,"column":null}},"loc":{"start":{"line":28,"column":33},"end":{"line":34,"column":1}}},"2":{"name":"(anonymous_16)","decl":{"start":{"line":37,"column":24},"end":{"line":37,"column":33}},"loc":{"start":{"line":37,"column":35},"end":{"line":53,"column":null}}},"3":{"name":"(anonymous_17)","decl":{"start":{"line":37,"column":35},"end":{"line":37,"column":null}},"loc":{"start":{"line":37,"column":35},"end":{"line":53,"column":1}}},"4":{"name":"(anonymous_18)","decl":{"start":{"line":55,"column":20},"end":{"line":55,"column":27}},"loc":{"start":{"line":55,"column":80},"end":{"line":75,"column":null}}},"5":{"name":"(anonymous_19)","decl":{"start":{"line":55,"column":80},"end":{"line":55,"column":null}},"loc":{"start":{"line":55,"column":80},"end":{"line":75,"column":1}}},"6":{"name":"(anonymous_20)","decl":{"start":{"line":77,"column":25},"end":{"line":77,"column":32}},"loc":{"start":{"line":77,"column":63},"end":{"line":94,"column":null}}},"7":{"name":"(anonymous_21)","decl":{"start":{"line":77,"column":63},"end":{"line":77,"column":null}},"loc":{"start":{"line":77,"column":63},"end":{"line":94,"column":1}}},"8":{"name":"(anonymous_22)","decl":{"start":{"line":81,"column":24},"end":{"line":81,"column":25}},"loc":{"start":{"line":81,"column":34},"end":{"line":84,"column":2}}}},"branchMap":{"0":{"loc":{"start":{"line":58,"column":31},"end":{"line":58,"column":47}},"type":"cond-expr","locations":[{"start":{"line":58,"column":41},"end":{"line":58,"column":43}},{"start":{"line":58,"column":46},"end":{"line":58,"column":47}}]},"1":{"loc":{"start":{"line":73,"column":26},"end":{"line":73,"column":55}},"type":"cond-expr","locations":[{"start":{"line":73,"column":36},"end":{"line":73,"column":45}},{"start":{"line":73,"column":48},"end":{"line":73,"column":55}}]}},"s":{"0":1,"1":1,"2":1,"3":1,"4":1,"5":1,"6":1,"7":1,"8":1,"9":1,"10":1,"11":1,"12":1,"13":1,"14":1,"15":1,"16":1,"17":1,"18":1,"19":1,"20":1,"21":2,"22":2,"23":2,"24":2,"25":2,"26":2,"27":2,"28":2,"29":2,"30":1,"31":1,"32":1,"33":1,"34":1,"35":1,"36":4,"37":4,"38":1,"39":2,"40":2,"41":2,"42":1,"43":1,"44":1},"f":{"0":1,"1":1,"2":1,"3":1,"4":2,"5":2,"6":1,"7":1,"8":4},"b":{"0":[1,1],"1":[1,1]}}
,"/Users/andy/Documents/workshop/jwt/index.ts": {"path":"/Users/andy/Documents/workshop/jwt/index.ts","statementMap":{"0":{"start":{"line":1,"column":0},"end":{"line":1,"column":66}},"1":{"start":{"line":2,"column":0},"end":{"line":2,"column":66}},"2":{"start":{"line":3,"column":25},"end":{"line":3,"column":34}},"3":{"start":{"line":5,"column":25},"end":{"line":5,"column":82}},"4":{"start":{"line":5,"column":60},"end":{"line":5,"column":82}},"5":{"start":{"line":7,"column":0},"end":{"line":7,"column":null}},"6":{"start":{"line":8,"column":0},"end":{"line":8,"column":null}},"7":{"start":{"line":10,"column":0},"end":{"line":10,"column":24}},"8":{"start":{"line":11,"column":0},"end":{"line":11,"column":30}},"9":{"start":{"line":13,"column":0},"end":{"line":13,"column":null}},"10":{"start":{"line":14,"column":0},"end":{"line":14,"column":52}},"11":{"start":{"line":16,"column":0},"end":{"line":16,"column":null}},"12":{"start":{"line":17,"column":0},"end":{"line":17,"column":35}},"13":{"start":{"line":19,"column":0},"end":{"line":21,"column":3}},"14":{"start":{"line":20,"column":1},"end":{"line":20,"column":47}},"15":{"start":{"line":23,"column":0},"end":{"line":23,"column":null}}},"fnMap":{"0":{"name":"(anonymous_1)","decl":{"start":{"line":5,"column":25},"end":{"line":5,"column":26}},"loc":{"start":{"line":5,"column":60},"end":{"line":5,"column":82}}},"1":{"name":"(anonymous_2)","decl":{"start":{"line":19,"column":17},"end":{"line":19,"column":20}},"loc":{"start":{"line":19,"column":22},"end":{"line":21,"column":1}}}},"branchMap":{},"s":{"0":1,"1":1,"2":1,"3":1,"4":0,"5":1,"6":1,"7":1,"8":1,"9":1,"10":1,"11":1,"12":1,"13":1,"14":1,"15":1},"f":{"0":0,"1":1},"b":{}}
}
