{"/Users/andy/Documents/workshop/jwt/index.ts": {"path":"/Users/andy/Documents/workshop/jwt/index.ts","statementMap":{"0":{"start":{"line":1,"column":0},"end":{"line":1,"column":66}},"1":{"start":{"line":2,"column":0},"end":{"line":2,"column":28}},"2":{"start":{"line":4,"column":25},"end":{"line":4,"column":34}},"3":{"start":{"line":6,"column":31},"end":{"line":6,"column":43}},"4":{"start":{"line":7,"column":28},"end":{"line":7,"column":30}},"5":{"start":{"line":9,"column":25},"end":{"line":9,"column":82}},"6":{"start":{"line":9,"column":60},"end":{"line":9,"column":82}},"7":{"start":{"line":11,"column":0},"end":{"line":11,"column":24}},"8":{"start":{"line":12,"column":0},"end":{"line":12,"column":30}},"9":{"start":{"line":14,"column":0},"end":{"line":17,"column":51}},"10":{"start":{"line":14,"column":53},"end":{"line":17,"column":2}},"11":{"start":{"line":15,"column":1},"end":{"line":15,"column":null}},"12":{"start":{"line":16,"column":1},"end":{"line":16,"column":null}},"13":{"start":{"line":19,"column":0},"end":{"line":40,"column":34}},"14":{"start":{"line":19,"column":67},"end":{"line":40,"column":2}},"15":{"start":{"line":20,"column":17},"end":{"line":20,"column":34}},"16":{"start":{"line":21,"column":1},"end":{"line":21,"column":null}},"17":{"start":{"line":22,"column":20},"end":{"line":22,"column":70}},"18":{"start":{"line":23,"column":13},"end":{"line":23,"column":34}},"19":{"start":{"line":24,"column":33},"end":{"line":24,"column":68}},"20":{"start":{"line":25,"column":1},"end":{"line":30,"column":2}},"21":{"start":{"line":26,"column":14},"end":{"line":26,"column":45}},"22":{"start":{"line":27,"column":2},"end":{"line":27,"column":null}},"23":{"start":{"line":28,"column":2},"end":{"line":28,"column":null}},"24":{"start":{"line":29,"column":2},"end":{"line":29,"column":null}},"25":{"start":{"line":32,"column":13},"end":{"line":36,"column":19}},"26":{"start":{"line":38,"column":1},"end":{"line":38,"column":null}},"27":{"start":{"line":39,"column":1},"end":{"line":39,"column":null}},"28":{"start":{"line":42,"column":0},"end":{"line":44,"column":3}},"29":{"start":{"line":43,"column":1},"end":{"line":43,"column":47}},"30":{"start":{"line":46,"column":0},"end":{"line":46,"column":null}}},"fnMap":{"0":{"name":"(anonymous_14)","decl":{"start":{"line":9,"column":25},"end":{"line":9,"column":26}},"loc":{"start":{"line":9,"column":60},"end":{"line":9,"column":82}}},"1":{"name":"(anonymous_15)","decl":{"start":{"line":14,"column":34},"end":{"line":14,"column":41}},"loc":{"start":{"line":14,"column":53},"end":{"line":17,"column":2}}},"2":{"name":"(anonymous_16)","decl":{"start":{"line":14,"column":53},"end":{"line":14,"column":null}},"loc":{"start":{"line":14,"column":53},"end":{"line":17,"column":1}}},"3":{"name":"(anonymous_17)","decl":{"start":{"line":19,"column":18},"end":{"line":19,"column":25}},"loc":{"start":{"line":19,"column":67},"end":{"line":40,"column":2}}},"4":{"name":"(anonymous_18)","decl":{"start":{"line":19,"column":67},"end":{"line":19,"column":null}},"loc":{"start":{"line":19,"column":67},"end":{"line":40,"column":1}}},"5":{"name":"(anonymous_19)","decl":{"start":{"line":42,"column":17},"end":{"line":42,"column":20}},"loc":{"start":{"line":42,"column":22},"end":{"line":44,"column":1}}}},"branchMap":{"0":{"loc":{"start":{"line":22,"column":31},"end":{"line":22,"column":47}},"type":"cond-expr","locations":[{"start":{"line":22,"column":41},"end":{"line":22,"column":43}},{"start":{"line":22,"column":46},"end":{"line":22,"column":47}}]},"1":{"loc":{"start":{"line":25,"column":1},"end":{"line":30,"column":2}},"type":"if","locations":[{"start":{"line":25,"column":1},"end":{"line":30,"column":2}}]},"2":{"loc":{"start":{"line":38,"column":26},"end":{"line":38,"column":55}},"type":"cond-expr","locations":[{"start":{"line":38,"column":36},"end":{"line":38,"column":45}},{"start":{"line":38,"column":48},"end":{"line":38,"column":55}}]}},"s":{"0":1,"1":1,"2":1,"3":1,"4":1,"5":1,"6":0,"7":1,"8":1,"9":1,"10":0,"11":0,"12":0,"13":1,"14":2,"15":2,"16":2,"17":2,"18":2,"19":2,"20":2,"21":1,"22":1,"23":1,"24":1,"25":2,"26":2,"27":2,"28":1,"29":1,"30":1},"f":{"0":0,"1":0,"2":0,"3":2,"4":2,"5":1},"b":{"0":[1,1],"1":[1],"2":[1,1]}}
}
