TN:
SF:index.ts
FN:9,(anonymous_14)
FN:14,(anonymous_15)
FN:14,(anonymous_16)
FN:19,(anonymous_17)
FN:19,(anonymous_18)
FN:42,(anonymous_19)
FNF:6
FNH:3
FNDA:0,(anonymous_14)
FNDA:0,(anonymous_15)
FNDA:0,(anonymous_16)
FNDA:2,(anonymous_17)
FNDA:2,(anonymous_18)
FNDA:1,(anonymous_19)
DA:1,1
DA:2,1
DA:4,1
DA:6,1
DA:7,1
DA:9,1
DA:11,1
DA:12,1
DA:14,1
DA:15,0
DA:16,0
DA:19,2
DA:20,2
DA:21,2
DA:22,2
DA:23,2
DA:24,2
DA:25,2
DA:26,1
DA:27,1
DA:28,1
DA:29,1
DA:32,2
DA:38,2
DA:39,2
DA:42,1
DA:43,1
DA:46,1
LF:28
LH:26
BRDA:22,0,0,1
BRDA:22,0,1,1
BRDA:25,1,0,1
BRDA:38,2,0,1
BRDA:38,2,1,1
BRF:5
BRH:5
end_of_record
