TN:
SF:controllers.ts
FN:28,(anonymous_14)
FN:28,(anonymous_15)
FN:37,(anonymous_16)
FN:37,(anonymous_17)
FN:55,(anonymous_18)
FN:55,(anonymous_19)
FN:77,(anonymous_20)
FN:77,(anonymous_21)
FN:81,(anonymous_22)
FNF:9
FNH:9
FNDA:1,(anonymous_14)
FNDA:1,(anonymous_15)
FNDA:1,(anonymous_16)
FNDA:1,(anonymous_17)
FNDA:2,(anonymous_18)
FNDA:2,(anonymous_19)
FNDA:1,(anonymous_20)
FNDA:1,(anonymous_21)
FNDA:4,(anonymous_22)
DA:2,1
DA:4,1
DA:5,1
DA:8,1
DA:17,1
DA:20,1
DA:25,1
DA:26,1
DA:28,1
DA:29,1
DA:33,1
DA:37,1
DA:39,1
DA:40,1
DA:47,1
DA:48,1
DA:55,2
DA:56,2
DA:57,2
DA:58,2
DA:59,2
DA:61,2
DA:67,2
DA:73,2
DA:74,2
DA:77,1
DA:78,1
DA:79,1
DA:81,1
DA:82,4
DA:83,4
DA:86,1
DA:87,2
DA:88,2
DA:89,2
DA:92,1
DA:93,1
LF:37
LH:37
BRDA:58,0,0,1
BRDA:58,0,1,1
BRDA:73,1,0,1
BRDA:73,1,1,1
BRF:4
BRH:4
end_of_record
TN:
SF:index.ts
FN:5,(anonymous_1)
FN:19,(anonymous_2)
FNF:2
FNH:1
FNDA:0,(anonymous_1)
FNDA:1,(anonymous_2)
DA:1,1
DA:2,1
DA:3,1
DA:5,1
DA:7,1
DA:8,1
DA:10,1
DA:11,1
DA:13,1
DA:14,1
DA:16,1
DA:17,1
DA:19,1
DA:20,1
DA:23,1
LF:15
LH:15
BRF:0
BRH:0
end_of_record
